<?xml version="1.0" encoding="UTF-8"?>
<!-- Generated by org.testng.reporters.JUnitXMLReporter -->
<testsuite ignored="0" hostname="MACPK-WKS-0132" failures="0" tests="1" name="Test-class test 1" time="15.583" errors="0" timestamp="17 Oct 2019 13:53:02 GMT">
  <testcase classname="Master.CRMExecution" name="LoginIdaho" time="4.407"/>
</testsuite> <!-- Test-class test 1 -->
