<?xml version="1.0" encoding="UTF-8"?>
<!-- Generated by org.testng.reporters.JUnitReportReporter -->
<testsuite hostname="MACPK-WKS-0132" failures="0" tests="21" name="Master.WESPORDER" time="1801.961" errors="0" timestamp="02 Nov 2019 14:30:09 GMT" skipped="0">
  <testcase classname="Master.WESPORDER" name="LoginApp" time="48.686"/>
  <testcase classname="Master.WESPORDER" name="OrderFromWESP_Search" time="185.093"/>
  <testcase classname="Master.WESPORDER" name="VerificationOfBookedMargin" time="4.295"/>
  <testcase classname="Master.WESPORDER" name="VerificationOfBookedMarginAfterEditing" time="63.458"/>
  <testcase classname="Master.WESPORDER" name="VerificationOfBookedMarginWithMultipleProducts" time="28.668"/>
  <testcase classname="Master.WESPORDER" name="OrderWithQUR" time="112.613"/>
  <testcase classname="Master.WESPORDER" name="OrderFromWESP_HoveringProduct" time="99.063"/>
  <testcase classname="Master.WESPORDER" name="OrderFromWESP_QuickInfoProduct" time="74.571"/>
  <testcase classname="Master.WESPORDER" name="OrderFromWESP_Compare" time="86.590"/>
  <testcase classname="Master.WESPORDER" name="OrderFromWESP_Project" time="124.909"/>
  <testcase classname="Master.WESPORDER" name="OrderFromIDAHO_Projects" time="171.953"/>
  <testcase classname="Master.WESPORDER" name="OrderFromWESP_With_CandianProduct" time="125.472"/>
  <testcase classname="Master.WESPORDER" name="OrderFromWESP_From_CreatePresentation_OrderCreation" time="86.265"/>
  <testcase classname="Master.WESPORDER" name="OrderCreation_ThroughShoppingCart_Idaho" time="128.492"/>
  <testcase classname="Master.WESPORDER" name="OrderCreation_ThroughShoppingCart_WESP" time="96.565"/>
  <testcase classname="Master.WESPORDER" name="OrderCreation_FromClipBoard_WESP" time="107.048"/>
  <testcase classname="Master.WESPORDER" name="OrderCreation_FromWespMultipleProd" time="56.808"/>
  <testcase classname="Master.WESPORDER" name="OrderCreation_FromIdahoMultipleProdCan" time="50.497"/>
  <testcase classname="Master.WESPORDER" name="SerchByInvoice" time="45.554"/>
  <testcase classname="Master.WESPORDER" name="QuoteCreation_FromClipBoard_WESP" time="60.228"/>
  <testcase classname="Master.WESPORDER" name="WESPOrder_SafeModeActive" time="45.133"/>
</testsuite> <!-- Master.WESPORDER -->
