<?xml version="1.0" encoding="UTF-8"?>
<!-- Generated by org.testng.reporters.JUnitReportReporter -->
<testsuite hostname="MACPK-WKS-0132" failures="0" tests="1" name="Master.Yelp" time="85.188" errors="0" timestamp="7 Nov 2019 19:36:53 GMT">
  <testcase classname="Master.Yelp" name="LoginIdaho" time="85.188"/>
</testsuite> <!-- Master.Yelp -->
