<?xml version="1.0" encoding="UTF-8"?>
<!-- Generated by org.testng.reporters.JUnitReportReporter -->
<testsuite hostname="MACPK-WKS-0132" failures="0" tests="84" name="Master.OrdersExecution2" time="1957.619" errors="0" timestamp="02 Nov 2019 13:55:12 GMT" skipped="0">
  <testcase classname="Master.OrdersExecution2" name="LoginApp" time="23.379"/>
  <testcase classname="Master.OrdersExecution2" name="UploadDSTFiles_Orderlevel" time="73.476"/>
  <testcase classname="Master.OrdersExecution2" name="Product_AddedTo_Order" time="12.096"/>
  <testcase classname="Master.OrdersExecution2" name="Send_ASI_SmartBookslink_Verification" time="0.143"/>
  <testcase classname="Master.OrdersExecution2" name="CreateOrder" time="58.893"/>
  <testcase classname="Master.OrdersExecution2" name="PNameandSupplierASInoAreClickable" time="0.009"/>
  <testcase classname="Master.OrdersExecution2" name="BackButton" time="16.531"/>
  <testcase classname="Master.OrdersExecution2" name="OrderProductConfig_NewAddCharge_in_Configuration_WithAmount_Verification" time="12.418"/>
  <testcase classname="Master.OrdersExecution2" name="AddVendor_Charge_WithAmount_calculation" time="7.147"/>
  <testcase classname="Master.OrdersExecution2" name="Existing_Artwork_File_UploadVerification" time="74.647"/>
  <testcase classname="Master.OrdersExecution2" name="Artwork_DownloadUnderDecorationTab" time="7.346"/>
  <testcase classname="Master.OrdersExecution2" name="Artwork_FileDeletion" time="51.542"/>
  <testcase classname="Master.OrdersExecution2" name="Decoration_Charge_With_Amountcalculation" time="109.500"/>
  <testcase classname="Master.OrdersExecution2" name="Verificationof_Decoration_Display_Under_DecorationTab" time="1.279"/>
  <testcase classname="Master.OrdersExecution2" name="AddingInstructions" time="8.691"/>
  <testcase classname="Master.OrdersExecution2" name="InstructionsViewing" time="82.771"/>
  <testcase classname="Master.OrdersExecution2" name="Settings_SalesTaxConfig" time="4.089"/>
  <testcase classname="Master.OrdersExecution2" name="ManualSalesTaxCalculation" time="55.583"/>
  <testcase classname="Master.OrdersExecution2" name="Freight_ServicePopup_Display" time="11.533"/>
  <testcase classname="Master.OrdersExecution2" name="Freight_Title_Field_TextValidation" time="0.074"/>
  <testcase classname="Master.OrdersExecution2" name="Freight_TitleUpdate" time="63.954"/>
  <testcase classname="Master.OrdersExecution2" name="Services_VendorCompanyVerification" time="72.786"/>
  <testcase classname="Master.OrdersExecution2" name="Freight_Service_Add_TaxCalculation_Verification" time="0.181"/>
  <testcase classname="Master.OrdersExecution2" name="Settings_ShippingTaxConfig" time="16.534"/>
  <testcase classname="Master.OrdersExecution2" name="Settings_ShippingTaxCalculationVerify" time="53.546"/>
  <testcase classname="Master.OrdersExecution2" name="TaxCalculationWithServiceTypeCredit" time="53.771"/>
  <testcase classname="Master.OrdersExecution2" name="MultiShippingAddress" time="19.460"/>
  <testcase classname="Master.OrdersExecution2" name="Zero_Quantity_Validation_MessageVerification" time="37.685"/>
  <testcase classname="Master.OrdersExecution2" name="SplitShipment_not_showingin_shippingtab" time="6.708"/>
  <testcase classname="Master.OrdersExecution2" name="SplitShipment_Showing_inPricing_tab" time="5.418"/>
  <testcase classname="Master.OrdersExecution2" name="SplitShipment_Showing_inDecoration_tab" time="6.358"/>
  <testcase classname="Master.OrdersExecution2" name="SplitShipment_Showingin_PurchaseOrder_tab" time="6.253"/>
  <testcase classname="Master.OrdersExecution2" name="TwoPOsCreation" time="113.982"/>
  <testcase classname="Master.OrdersExecution2" name="New_DestinationAddress_WithDifferentCompany" time="0.040"/>
  <testcase classname="Master.OrdersExecution2" name="BlindShip_WithConfirmation" time="29.916"/>
  <testcase classname="Master.OrdersExecution2" name="Purchase_OrderPreview_Verification" time="33.565"/>
  <testcase classname="Master.OrdersExecution2" name="PurchaseOrder_SalesPersonDetailsPreviewVerification" time="0.109"/>
  <testcase classname="Master.OrdersExecution2" name="PurchaseOrderPreview_SplitShipment1_DetailsVerification" time="0.060"/>
  <testcase classname="Master.OrdersExecution2" name="PurchaseOrderPreview_SplitShipment1_DecorationDetailsVerification" time="0.089"/>
  <testcase classname="Master.OrdersExecution2" name="PurchaseOrder_PersonalizationDecorationDocDownload" time="10.390"/>
  <testcase classname="Master.OrdersExecution2" name="PurchaseOrder_AtworkDecorationDocDownload" time="10.245"/>
  <testcase classname="Master.OrdersExecution2" name="PurchaseOrder_PreviewShippingDetailsVerification" time="0.090"/>
  <testcase classname="Master.OrdersExecution2" name="PurchaseOrder_BlindShipVerification" time="0.077"/>
  <testcase classname="Master.OrdersExecution2" name="PurchaseOrder_AtworkPODocDownload" time="36.221"/>
  <testcase classname="Master.OrdersExecution2" name="PurchaseOrder_POPDFDocDownload" time="30.171"/>
  <testcase classname="Master.OrdersExecution2" name="Calculating_TotalPriceOnPreview" time="0.075"/>
  <testcase classname="Master.OrdersExecution2" name="PackingList_DisplayVerification" time="10.319"/>
  <testcase classname="Master.OrdersExecution2" name="PurchaseOrder_PreviewPOSend" time="41.592"/>
  <testcase classname="Master.OrdersExecution2" name="SalesOrderPreviewSalesPersonDetails" time="23.035"/>
  <testcase classname="Master.OrdersExecution2" name="SalesOrder_BillingShippingDetailsPreview" time="0.096"/>
  <testcase classname="Master.OrdersExecution2" name="SalesOrder_BlindshipVerification" time="0.070"/>
  <testcase classname="Master.OrdersExecution2" name="SalesOrderPreview_SplitShipment1_DetailsVerification" time="0.067"/>
  <testcase classname="Master.OrdersExecution2" name="SalesOrderPreview_SplitShipment1_DecorationDetailsVerification" time="0.098"/>
  <testcase classname="Master.OrdersExecution2" name="SalesOrder_PreviewShippingFromDetailsVerification" time="0.120"/>
  <testcase classname="Master.OrdersExecution2" name="SalesOrder_ShippingFrom_BlindShipVerification" time="0.063"/>
  <testcase classname="Master.OrdersExecution2" name="SalesOrderPreview_ShippingToDetailsVerification" time="0.117"/>
  <testcase classname="Master.OrdersExecution2" name="SalesOrderPreviewInstructions" time="0.127"/>
  <testcase classname="Master.OrdersExecution2" name="SalesOrderPreview_ServicesDetailsVerification" time="0.119"/>
  <testcase classname="Master.OrdersExecution2" name="Calculating_TotalPrice_OnSalesPreview" time="0.091"/>
  <testcase classname="Master.OrdersExecution2" name="SalesOrder_PDFDocDownload" time="35.188"/>
  <testcase classname="Master.OrdersExecution2" name="PDFAttach_Checkbox_ischecked_bydefault" time="21.567"/>
  <testcase classname="Master.OrdersExecution2" name="SalesOrder_Preview_SalesOrderSend" time="55.231"/>
  <testcase classname="Master.OrdersExecution2" name="AcknowledgementOrder_PreviewSalesPersonDetails" time="35.006"/>
  <testcase classname="Master.OrdersExecution2" name="AckowlodgementPreview_SplitShipment1Details_Verification" time="0.073"/>
  <testcase classname="Master.OrdersExecution2" name="AcknowlodgementPreview_SplitShipment1DecorationDetails_Verification" time="0.092"/>
  <testcase classname="Master.OrdersExecution2" name="Ackowledgement_PreviewShippingFromDetailsVerification" time="0.106"/>
  <testcase classname="Master.OrdersExecution2" name="AckowledgementPreviewInstructions" time="0.066"/>
  <testcase classname="Master.OrdersExecution2" name="AcknowledgementPreview_ServicesDetailsVerification" time="0.093"/>
  <testcase classname="Master.OrdersExecution2" name="Ackowledgement_PersonalizationDecorationDocDownload" time="35.200"/>
  <testcase classname="Master.OrdersExecution2" name="Ackowledgement_PDFDocDownload" time="27.161"/>
  <testcase classname="Master.OrdersExecution2" name="Calculating_TotalPrice_OnAckowledgementPreview" time="0.070"/>
  <testcase classname="Master.OrdersExecution2" name="Acknowledgement_PreviewAckSend" time="82.572"/>
  <testcase classname="Master.OrdersExecution2" name="PurchaseOrder_OrderLevel_POPDFDocDownload" time="38.939"/>
  <testcase classname="Master.OrdersExecution2" name="SalesOrder_PreviewDownloadPopup_PDFDocDownload" time="32.625"/>
  <testcase classname="Master.OrdersExecution2" name="AckowledgementDownloadPopup_PDFDocDownload" time="37.743"/>
  <testcase classname="Master.OrdersExecution2" name="Tax_not_calculating_if_Canadian_address_is_notmatching" time="85.803"/>
  <testcase classname="Master.OrdersExecution2" name="Tax_is_not_calculating_if_Canadian_addressisnotmatching" time="58.453"/>
  <testcase classname="Master.OrdersExecution2" name="SameAsBilling_ShippingAddress_Verification_OrderLevel" time="0.466"/>
  <testcase classname="Master.OrdersExecution2" name="CPN_Number_EditProductConfigVerification" time="3.266"/>
  <testcase classname="Master.OrdersExecution2" name="SameAsBilling_ShippingAddress_Verification_ProductLevel" time="1.791"/>
  <testcase classname="Master.OrdersExecution2" name="SameAsBilling_AcknowledgementAddress_Verification_OrderLevel" time="1.199"/>
  <testcase classname="Master.OrdersExecution2" name="ProfitMaker_SendVerification" time="9.859"/>
  <testcase classname="Master.OrdersExecution2" name="Requote_From_OrdersDetails" time="27.572"/>
  <testcase classname="Master.OrdersExecution2" name="Requote_From_QuoteDetails" time="72.733"/>
</testsuite> <!-- Master.OrdersExecution2 -->
