<?xml version="1.0" encoding="UTF-8"?>
<!-- Generated by org.testng.reporters.JUnitReportReporter -->
<testsuite hostname="MACPK-WKS-0132" failures="0" tests="6" name="Master.DataProviderClass" time="0.030" errors="0" timestamp="02 Nov 2019 22:11:22 GMT" skipped="0">
  <testcase classname="Master.DataProviderClass" name="testMethod" time="0.006"/>
  <testcase classname="Master.DataProviderClass" name="testMethod" time="0.002"/>
  <testcase classname="Master.DataProviderClass" name="testMethod" time="0.006"/>
  <testcase classname="Master.DataProviderClass" name="testMethod" time="0.011"/>
  <testcase classname="Master.DataProviderClass" name="testMethod" time="0.003"/>
  <testcase classname="Master.DataProviderClass" name="testMethod" time="0.002"/>
</testsuite> <!-- Master.DataProviderClass -->
