<?xml version="1.0" encoding="UTF-8"?>
<!-- Generated by org.testng.reporters.JUnitReportReporter -->
<testsuite hostname="MACPK-WKS-0132" failures="0" tests="11" name="Master.SepRelease" time="293.132" errors="0" timestamp="07 Nov 2019 20:13:02 GMT" skipped="0">
  <testcase classname="Master.SepRelease" name="LoginIdaho" time="3.592"/>
  <testcase classname="Master.SepRelease" name="CreateCustomerCompany" time="58.743"/>
  <testcase classname="Master.SepRelease" name="AddCompanyNoteTD_963218" time="45.428"/>
  <testcase classname="Master.SepRelease" name="EditCompanyNote" time="21.765"/>
  <testcase classname="Master.SepRelease" name="CreateContactFromMain" time="25.329"/>
  <testcase classname="Master.SepRelease" name="AddingNoteUnderContactTD_" time="29.075"/>
  <testcase classname="Master.SepRelease" name="EditContactNote" time="20.986"/>
  <testcase classname="Master.SepRelease" name="PORefISNULL_93843" time="20.162"/>
  <testcase classname="Master.SepRelease" name="CreateNoteFromMain" time="9.094"/>
  <testcase classname="Master.SepRelease" name="PORefISNOTNULL_93844" time="38.365"/>
  <testcase classname="Master.SepRelease" name="CreateQuoteFromOrder_93845" time="20.593"/>
</testsuite> <!-- Master.SepRelease -->
